{"/Users/michellehindt/Documents/minesweeper/Types/fields.ts": {"path":"/Users/michellehindt/Documents/minesweeper/Types/fields.ts","statementMap":{"0":{"start":{"line":5,"column":13},"end":{"line":11,"column":null}},"1":{"start":{"line":12,"column":35},"end":{"line":12,"column":157}},"2":{"start":{"line":12,"column":92},"end":{"line":12,"column":157}},"3":{"start":{"line":12,"column":129},"end":{"line":12,"column":156}},"4":{"start":{"line":12,"column":13},"end":{"line":12,"column":35}},"5":{"start":{"line":15,"column":30},"end":{"line":37,"column":1}},"6":{"start":{"line":16,"column":4},"end":{"line":18,"column":null}},"7":{"start":{"line":17,"column":9},"end":{"line":17,"column":60}},"8":{"start":{"line":19,"column":27},"end":{"line":19,"column":38}},"9":{"start":{"line":20,"column":24},"end":{"line":20,"column":50}},"10":{"start":{"line":21,"column":26},"end":{"line":21,"column":51}},"11":{"start":{"line":22,"column":4},"end":{"line":35,"column":null}},"12":{"start":{"line":22,"column":16},"end":{"line":22,"column":17}},"13":{"start":{"line":23,"column":8},"end":{"line":34,"column":null}},"14":{"start":{"line":23,"column":20},"end":{"line":23,"column":21}},"15":{"start":{"line":25,"column":12},"end":{"line":27,"column":null}},"16":{"start":{"line":26,"column":16},"end":{"line":26,"column":30}},"17":{"start":{"line":29,"column":12},"end":{"line":32,"column":null}},"18":{"start":{"line":30,"column":16},"end":{"line":30,"column":46}},"19":{"start":{"line":31,"column":16},"end":{"line":31,"column":35}},"20":{"start":{"line":33,"column":12},"end":{"line":33,"column":33}},"21":{"start":{"line":36,"column":4},"end":{"line":36,"column":18}},"22":{"start":{"line":15,"column":13},"end":{"line":15,"column":30}}},"fnMap":{"0":{"name":"(anonymous_0)","decl":{"start":{"line":12,"column":35},"end":{"line":12,"column":36}},"loc":{"start":{"line":12,"column":92},"end":{"line":12,"column":157}}},"1":{"name":"(anonymous_1)","decl":{"start":{"line":12,"column":123},"end":{"line":12,"column":126}},"loc":{"start":{"line":12,"column":129},"end":{"line":12,"column":156}}},"2":{"name":"(anonymous_2)","decl":{"start":{"line":15,"column":30},"end":{"line":15,"column":31}},"loc":{"start":{"line":15,"column":69},"end":{"line":37,"column":1}}}},"branchMap":{"0":{"loc":{"start":{"line":12,"column":50},"end":{"line":12,"column":79}},"type":"default-arg","locations":[{"start":{"line":12,"column":64},"end":{"line":12,"column":79}}]},"1":{"loc":{"start":{"line":16,"column":4},"end":{"line":18,"column":null}},"type":"if","locations":[{"start":{"line":16,"column":4},"end":{"line":18,"column":null}}]},"2":{"loc":{"start":{"line":16,"column":7},"end":{"line":16,"column":33}},"type":"binary-expr","locations":[{"start":{"line":16,"column":7},"end":{"line":16,"column":18}},{"start":{"line":16,"column":22},"end":{"line":16,"column":33}}]},"3":{"loc":{"start":{"line":25,"column":12},"end":{"line":27,"column":null}},"type":"if","locations":[{"start":{"line":25,"column":12},"end":{"line":27,"column":null}}]},"4":{"loc":{"start":{"line":29,"column":12},"end":{"line":32,"column":null}},"type":"if","locations":[{"start":{"line":29,"column":12},"end":{"line":32,"column":null}}]}},"s":{"0":1,"1":1,"2":6,"3":20,"4":1,"5":1,"6":5,"7":2,"8":3,"9":3,"10":3,"11":3,"12":3,"13":3,"14":3,"15":3,"16":2,"17":1,"18":1,"19":1,"20":1,"21":1,"22":1},"f":{"0":6,"1":20,"2":5},"b":{"0":[5],"1":[2],"2":[5,4],"3":[2],"4":[1]}}
,"/Users/michellehindt/Documents/minesweeper/src/test/math.ts": {"path":"/Users/michellehindt/Documents/minesweeper/src/test/math.ts","statementMap":{"0":{"start":{"line":1,"column":19},"end":{"line":3,"column":1}},"1":{"start":{"line":2,"column":4},"end":{"line":2,"column":17}},"2":{"start":{"line":1,"column":13},"end":{"line":1,"column":19}}},"fnMap":{"0":{"name":"(anonymous_0)","decl":{"start":{"line":1,"column":19},"end":{"line":1,"column":20}},"loc":{"start":{"line":1,"column":50},"end":{"line":3,"column":1}}}},"branchMap":{},"s":{"0":1,"1":1,"2":1},"f":{"0":1},"b":{}}
}
