TN:
SF:Types/fields.ts
FN:12,(anonymous_0)
FN:12,(anonymous_1)
FN:15,(anonymous_2)
FNF:3
FNH:3
FNDA:6,(anonymous_0)
FNDA:20,(anonymous_1)
FNDA:5,(anonymous_2)
DA:5,1
DA:12,20
DA:15,1
DA:16,5
DA:17,2
DA:19,3
DA:20,3
DA:21,3
DA:22,3
DA:23,3
DA:25,3
DA:26,2
DA:29,1
DA:30,1
DA:31,1
DA:33,1
DA:36,1
LF:17
LH:17
BRDA:12,0,0,5
BRDA:16,1,0,2
BRDA:16,2,0,5
BRDA:16,2,1,4
BRDA:25,3,0,2
BRDA:29,4,0,1
BRF:6
BRH:6
end_of_record
TN:
SF:src/test/math.ts
FN:1,(anonymous_0)
FNF:1
FNH:1
FNDA:1,(anonymous_0)
DA:1,1
DA:2,1
LF:2
LH:2
BRF:0
BRH:0
end_of_record
